<?xml version="1.0" encoding="UTF-8"?>
<!-- Generated by org.testng.reporters.JUnitXMLReporter -->
<testsuite hostname="DESKTOP-8T8S9A5" name="Test" tests="3" failures="0" timestamp="5 Feb 2021 10:51:03 GMT" time="18.527" errors="0">
  <testcase name="TC2" time="14.792" classname="Demo.testngDemo.qsp.Parallel2"/>
  <testcase name="TC2" time="15.739" classname="Demo.testngDemo.qsp.Parallel1"/>
  <testcase name="TC1" time="18.482" classname="Demo.testngDemo.qsp.Parallel1"/>
</testsuite> <!-- Test -->
