<?xml version="1.0" encoding="UTF-8"?>
<testng-results skipped="0" failed="0" total="2" passed="2">
  <reporter-output>
  </reporter-output>
  <suite name="Suite" duration-ms="23305" started-at="2021-02-05T11:16:54Z" finished-at="2021-02-05T11:17:17Z">
    <groups>
    </groups>
    <test name="ChromeTest" duration-ms="16716" started-at="2021-02-05T11:16:54Z" finished-at="2021-02-05T11:17:11Z">
      <class name="Demo.testngDemo.qsp.DemoCross">
        <test-method status="PASS" signature="TC_01(java.lang.String)[pri:0, instance:Demo.testngDemo.qsp.DemoCross@3aa9e816]" name="TC_01" duration-ms="16674" started-at="2021-02-05T03:16:54Z" finished-at="2021-02-05T03:17:11Z">
          <params>
            <param index="0">
              <value>
                <![CDATA[chrome]]>
              </value>
            </param>
          </params>
          <reporter-output>
          </reporter-output>
        </test-method> <!-- TC_01 -->
      </class> <!-- Demo.testngDemo.qsp.DemoCross -->
    </test> <!-- ChromeTest -->
    <test name="FirefoxTest" duration-ms="23305" started-at="2021-02-05T11:16:54Z" finished-at="2021-02-05T11:17:17Z">
      <class name="Demo.testngDemo.qsp.DemoCross">
        <test-method status="PASS" signature="TC_01(java.lang.String)[pri:0, instance:Demo.testngDemo.qsp.DemoCross@4ec6a292]" name="TC_01" duration-ms="23271" started-at="2021-02-05T03:16:54Z" finished-at="2021-02-05T03:17:17Z">
          <params>
            <param index="0">
              <value>
                <![CDATA[firefox]]>
              </value>
            </param>
          </params>
          <reporter-output>
          </reporter-output>
        </test-method> <!-- TC_01 -->
      </class> <!-- Demo.testngDemo.qsp.DemoCross -->
    </test> <!-- FirefoxTest -->
  </suite> <!-- Suite -->
</testng-results>
